[2024-10-24 15:36:12] В систему заходит новый пользователь 'Евгений'.
[2024-10-24 15:36:40] Пользователь 'Евгений' успешно зарегистрировался.
[2024-10-24 15:37:51] Пользователь 'Евгений' успешно вошёл в систему.
[2024-10-24 15:39:27] Пользователь 'Евгений' успешно вошёл в систему.
[2024-10-24 15:41:00] Пользователь 'Евгений' успешно вошёл в систему.
[2024-10-24 15:45:33] Пользователь 'Евгений' успешно вошёл в систему.
[2024-10-24 16:05:43] Пользователь 'Евгений' успешно вошёл в систему.
[2024-10-24 16:06:49] Пользователь 'Евгений' успешно вошёл в систему.
[2024-10-24 16:14:23] Пользователь 'Евгений' успешно вошёл в систему.
[2024-10-24 16:16:58] Пользователь 'Евгений' успешно вошёл в систему.
[2024-10-24 16:18:46] Пользователь 'Евгений' успешно вошёл в систему.
[2024-10-24 16:20:17] Пользователь 'Евгений' успешно вошёл в систему.
[2024-10-24 16:20:40] Пользователь 'Евгений' успешно вошёл в систему.
[2024-10-24 16:20:57] Пользователь 'Евгений' успешно вошёл в систему.
[2024-10-24 16:21:28] Пользователь 'Евгений' успешно вошёл в систему.
[2024-10-24 16:21:51] В систему заходит новый пользователь '/bin/python /home/deck/Downloads/python/library/library.py'.
[2024-10-24 16:22:00] Пользователь 'Евгений' успешно вошёл в систему.
[2024-10-24 16:23:33] Пользователь 'Евгений' успешно вошёл в систему.
[2024-10-24 16:23:53] Пользователь 'Евгений' успешно вошёл в систему.
[2024-10-24 16:25:07] Пользователь 'Евгений' успешно вошёл в систему.
[2024-10-24 16:25:11] Пользователь 'Евгений' успешно вошёл в систему.
[2024-10-24 16:25:22] Пользователь True, выборал пункт просмотр
[2024-10-24 16:28:07] Пользователь 'Евгений' успешно вошёл в систему.
[2024-10-24 16:28:11] Пользователь 'Евгений' успешно вошёл в систему.
[2024-10-24 16:28:34] Пользователь 'Евгений' успешно вошёл в систему.
[2024-10-24 16:28:56] Пользователь 'Евгений' успешно вошёл в систему.
[2024-10-24 16:29:01] Пользователь 'Евгений' успешно вошёл в систему.
[2024-10-24 16:29:12] Пользователь True, выборал пункт просмотр
[2024-10-24 16:31:37] Пользователь 'Евгений' успешно вошёл в систему.
[2024-10-24 16:31:45] Пользователь 'Евгений' успешно вошёл в систему.
[2024-10-24 16:31:49] Пользователь True, выборал пункт просмотр
[2024-10-24 16:36:52] Пользователь 'Евгений' успешно вошёл в систему.
[2024-10-24 16:40:02] Пользователь 'Евгений' успешно вошёл в систему.
[2024-10-24 16:42:59] Пользователь 'Евгений' успешно вошёл в систему.
[2024-10-24 16:52:55] Пользователь 'Евгений' успешно вошёл в систему.
[2024-10-24 16:53:03] Пользователь 'Евгений' успешно вошёл в систему.
[2024-10-24 16:53:32] Пользователь 'Евгений' успешно вошёл в систему.
[2024-10-24 19:32:51] Пользователь 'Евгений' успешно вошёл в систему.
[2024-10-24 19:33:25] Пользователь 'Евгений' успешно вошёл в систему.
[2024-10-24 19:33:40] Пользователь 'Евгений' успешно вошёл в систему.
[2024-10-24 19:34:55] Пользователь 'Евгений' успешно вошёл в систему.
[2024-10-24 19:35:55] В систему заходит новый пользователь 'евгений'.
[2024-10-24 19:35:57] Пользователь 'евгений' успешно зарегистрировался.
[2024-10-24 19:36:16] Пользователь 'Евгений' успешно вошёл в систему.
[2024-10-24 19:36:16] message
[2024-10-24 19:36:22] Пользователь None, выборал пункт просмотр
[2024-10-24 19:39:24] Пользователь 'Евгений' успешно вошёл в систему.
[2024-10-24 19:39:34] В систему заходит новый пользователь 'Евгений'.
[2024-10-24 19:39:38] Пользователь 'Евгений' успешно зарегистрировался.
[2024-10-24 19:39:41] Пользователь Евгений, выборал пункт просмотр
[2024-10-24 19:40:57] Пользователь 'евгений' успешно вошёл в систему.
[2024-10-24 19:44:08] Пользователь 'Евгений' успешно вошёл в систему.
[2024-10-24 19:49:46] Пользователь 'Евгений' успешно вошёл в систему.
[2024-10-24 19:50:03] Пользователь 'евгений' успешно вошёл в систему.
[2024-10-24 19:50:09] Пользователь евгений, выборал пункт просмотр
[2024-10-24 20:10:17] Пользователь 'евгений' успешно вошёл в систему.
[2024-10-24 20:10:20] Пользователь 'евгений', выборал пункт 'просмотр'
[2024-10-24 20:10:24] Пользователь 'евгений', выборал пункт 'выйти'
[2024-10-24 20:10:54] Пользователь 'Евгений' успешно вошёл в систему.
[2024-10-24 20:12:21] Пользователь 'Евгений' успешно вошёл в систему.
[2024-10-24 20:12:32] Пользователь 'Евгений', удалил книгу  'Кнк'
[2024-10-24 20:12:47] Пользователь 'Евгений', вышел из меню удаления
[2024-10-24 20:12:47] Пользователь 'Евгений', выборал пункт 'удалить'
[2024-10-24 20:12:53] Пользователь 'Евгений', выборал пункт 'просмотр'
[2024-10-24 20:13:59] Пользователь 'Евгений' успешно вошёл в систему.
[2024-10-24 20:14:12] Пользователь 'Евгений', выборал пункт 'добавить'
[2024-10-24 20:14:25] Пользователь 'Евгений', удалил книгу  'Кнк'
[2024-10-24 20:14:32] Пользователь 'Евгений', удалил книгу  'Клава'
[2024-10-24 20:14:39] Пользователь 'Евгений', вышел из меню удаления
[2024-10-24 20:14:39] Пользователь 'Евгений', выборал пункт 'удалить'
[2024-10-24 20:14:42] Пользователь 'Евгений', выборал пункт 'просмотр'
[2024-10-24 20:15:05] Пользователь 'Евгений', добавил новую книгу со следующими параметрами: Название - 'Василиска', Автор - 'Примудрая', Год издания - '1990' , Жанр - 'триллер '
[2024-10-24 20:15:08] Пользователь 'Евгений', выборал пункт 'добавить'
[2024-10-24 20:15:10] Пользователь 'Евгений', выборал пункт 'выйти'
[2024-10-24 20:42:57] Пользователь 'Евгений' успешно вошёл в систему.
[2024-10-24 20:44:24] Пользователь 'Евгений' успешно вошёл в систему.
[2024-10-24 20:46:16] Пользователь 'Евгений' успешно вошёл в систему.
[2024-10-24 20:46:21] Пользователь 'Евгений', выборал пункт 'выйти'
