[2024-10-23 18:31:07] В систему заходит новый пользователь'евгений'.
[2024-10-23 18:31:11] Пользователь 'евгений' успешно зарегистрировался.
[2024-10-23 18:37:58] Пользователь 'евгений' ввел не верный пароль.
[2024-10-23 18:38:01] Пользователь 'евгений' ввел не верный пароль.
[2024-10-23 18:38:04] Пользователь 'евгений' ввел не верный пароль.
[2024-10-23 18:38:05] Пользователь 'евгений' ввел не верный пароль.
[2024-10-23 18:38:05] Пользователь 'евгений' ввел не верный пароль.
[2024-10-23 18:38:05] Пользователь 'евгений' ввел не верный пароль.
[2024-10-23 18:38:06] Пользователь 'евгений' ввел не верный пароль.
[2024-10-23 18:38:06] Пользователь 'евгений' ввел не верный пароль.
[2024-10-23 18:38:06] Пользователь 'евгений' ввел не верный пароль.
[2024-10-23 18:38:06] Пользователь 'евгений' ввел не верный пароль.
[2024-10-23 18:38:06] Пользователь 'евгений' ввел не верный пароль.
[2024-10-23 18:38:06] Пользователь 'евгений' ввел не верный пароль.
[2024-10-23 18:38:06] Пользователь 'евгений' ввел не верный пароль.
[2024-10-23 18:38:07] Пользователь 'евгений' ввел не верный пароль.
[2024-10-23 18:38:07] Пользователь 'евгений' ввел не верный пароль.
[2024-10-23 18:40:16] В систему заходит новый пользователь'Евгений'.
[2024-10-23 18:40:19] Пользователь 'Евгений' успешно зарегистрировался.
[2024-10-23 20:22:31] Пользователь 'Евгений' успешно вошёл в систему.
[2024-10-23 20:22:42] Пользователь 'Евгений' успешно вошёл в систему.
[2024-10-23 20:22:57] Пользователь 'Евгений' успешно вошёл в систему.
[2024-10-23 20:23:36] Пользователь 'Евгений' успешно вошёл в систему.
[2024-10-23 20:24:49] Пользователь 'Евгений' успешно вошёл в систему.
[2024-10-23 20:25:52] Пользователь 'Евгений' успешно вошёл в систему.
[2024-10-23 20:29:04] Пользователь 'Евгений' успешно вошёл в систему.
[2024-10-23 20:31:24] Пользователь 'Евгений' успешно вошёл в систему.
[2024-10-23 20:33:06] Пользователь 'Евгений' успешно вошёл в систему.
[2024-10-23 20:34:21] Пользователь 'Евгений' успешно вошёл в систему.
[2024-10-23 20:39:11] Пользователь 'Евгений' успешно вошёл в систему.
[2024-10-23 20:39:15] Пользователь 'Евгений' успешно вошёл в систему.
[2024-10-23 20:40:41] В систему заходит новый пользователь'евгений'.
[2024-10-23 20:40:44] Пользователь 'евгений' успешно зарегистрировался.
[2024-10-23 20:40:50] Пользователь 'евгений' успешно вошёл в систему.
[2024-10-23 20:40:59] Пользователь 'Евгений' успешно вошёл в систему.
[2024-10-23 20:42:40] Пользователь 'Евгений' успешно вошёл в систему.
[2024-10-23 20:42:52] Пользователь 'евгений' успешно вошёл в систему.
[2024-10-23 20:44:42] Пользователь 'Евгений' успешно вошёл в систему.
[2024-10-23 20:46:28] В систему заходит новый пользователь'& "C:/Program Files/Python311/python.exe" g:/Python/library/library.py'.
[2024-10-23 20:46:38] Пользователь 'Евгений' успешно вошёл в систему.
[2024-10-23 20:47:12] В систему заходит новый пользователь'& "C:/Program Files/Python311/python.exe" g:/Python/library/library.py'.
[2024-10-23 20:47:24] Пользователь 'Евгений' успешно вошёл в систему.
[2024-10-23 20:50:18] В систему заходит новый пользователь'& "C:/Program Files/Python311/python.exe" g:/Python/library/auth.py'.
[2024-10-23 20:50:31] Пользователь 'Евгений' успешно вошёл в систему.
[2024-10-23 20:50:45] Пользователь 'Евгений' успешно вошёл в систему.
[2024-10-23 20:50:59] Пользователь 'Евгений' успешно вошёл в систему.
[2024-10-23 20:52:08] Пользователь 'Евгений' успешно вошёл в систему.
[2024-10-23 20:52:13] Пользователь 'евгений' успешно вошёл в систему.
[2024-10-23 20:52:27] Пользователь 'Евгений' успешно вошёл в систему.
[2024-10-23 20:53:13] Пользователь 'евгений' успешно вошёл в систему.
[2024-10-23 20:54:09] Пользователь 'Евгений' успешно вошёл в систему.
[2024-10-23 20:54:52] Пользователь 'Евгений' успешно вошёл в систему.
[2024-10-23 20:55:01] Пользователь 'Евгений' успешно вошёл в систему.
[2024-10-23 20:57:30] Пользователь 'Евгений' успешно вошёл в систему.
[2024-10-23 20:58:06] Пользователь 'Евгений' успешно вошёл в систему.
[2024-10-23 20:58:45] Пользователь 'евгений' успешно вошёл в систему.
[2024-10-23 21:01:03] Пользователь 'Евгений' успешно вошёл в систему.
[2024-10-23 21:01:39] Пользователь 'Евгений' успешно вошёл в систему.
[2024-10-23 21:02:48] Пользователь 'евгений' успешно вошёл в систему.
[2024-10-23 21:02:57] Пользователь 'евгений' успешно вошёл в систему.
[2024-10-24 09:31:32] Пользователь 'Евгений' успешно вошёл в систему.
[2024-10-24 09:39:08] Пользователь 'Евгений' успешно вошёл в систему.
[2024-10-24 09:42:47] Пользователь 'Евгений' успешно вошёл в систему.
[2024-10-24 09:43:46] Пользователь 'Евгений' успешно вошёл в систему.
[2024-10-24 09:43:51] Пользователь 'Евгений' успешно вошёл в систему.
[2024-10-24 09:44:46] Пользователь 'Евгений' ввёл неверный пароль.
[2024-10-24 09:44:56] Пользователь 'Евгений' успешно вошёл в систему.
[2024-10-24 09:45:03] Пользователь 'Евгений' успешно вошёл в систему.
[2024-10-24 09:53:22] Пользователь 'Евгений' успешно вошёл в систему.
